--------------
SELECT
    EMPREGADO.PRIMEIRO_NOME, EMPREGADO.ULTIMO_NOME, DEPARTAMENTOS.DEPARTAMENTO_NOME, GERENTE.PRIMEIRO_NOME AS 'GERENTE'
FROM
    EMPREGADOS AS EMPREGADO, DEPARTAMENTOS, EMPREGADOS AS GERENTE
WHERE
    EMPREGADO.DEPARTAMENTO_ID = DEPARTAMENTOS.DEPARTAMENTO_ID
    AND DEPARTAMENTOS.DEPARTAMENTO_NOME LIKE '%Financeiro%'
    AND GERENTE.DEPARTAMENTO_ID = DEPARTAMENTOS.DEPARTAMENTO_ID
    AND EMPREGADO.GERENTE_ID = GERENTE.EMPREGADO_ID
--------------

+---------------+-------------+-------------------+---------+
| PRIMEIRO_NOME | ULTIMO_NOME | DEPARTAMENTO_NOME | GERENTE |
+---------------+-------------+-------------------+---------+
| Daniel        | Faviet      | Financeiro        | Nancy   |
| John          | Chen        | Financeiro        | Nancy   |
| Ismael        | Sciarra     | Financeiro        | Nancy   |
| Jose          | Urman       | Financeiro        | Nancy   |
| Luis          | Popp        | Financeiro        | Nancy   |
+---------------+-------------+-------------------+---------+
